<?xml version="1.0" encoding="UTF-8"?>
<!-- Generated by org.testng.reporters.JUnitReportReporter -->
<testsuite hostname="sham" failures="0" tests="3" name="com.simplilearn.tdd.E_learning.PractiseTest" time="0.016" errors="0" timestamp="2023-12-25T14:54:27 IST" skipped="0">
  <testcase classname="com.simplilearn.tdd.E_learning.PractiseTest" name="test3" time="0.001"/>
  <testcase classname="com.simplilearn.tdd.E_learning.PractiseTest" name="test2" time="0.002"/>
  <testcase classname="com.simplilearn.tdd.E_learning.PractiseTest" name="test1" time="0.013"/>
</testsuite> <!-- com.simplilearn.tdd.E_learning.PractiseTest -->
