<?xml version="1.0" encoding="UTF-8"?>
<!-- Generated by org.testng.reporters.JUnitReportReporter -->
<testsuite hostname="sham" failures="0" tests="2" name="com.simplilearn.tdd.E_learning.CourseTest" time="0.040" errors="0" timestamp="2023-12-25T14:53:33 IST" skipped="0">
  <testcase classname="com.simplilearn.tdd.E_learning.CourseTest" name="test2" time="0.018"/>
  <testcase classname="com.simplilearn.tdd.E_learning.CourseTest" name="test3" time="0.022"/>
</testsuite> <!-- com.simplilearn.tdd.E_learning.CourseTest -->
