<?xml version="1.0" encoding="UTF-8"?>
<!-- Generated by org.testng.reporters.JUnitReportReporter -->
<testsuite hostname="sham" failures="0" tests="3" name="com.simplilearn.tdd.E_learning.TrainingTest" time="0.015" errors="0" timestamp="2023-12-25T14:55:08 IST" skipped="0">
  <testcase classname="com.simplilearn.tdd.E_learning.TrainingTest" name="test3" time="0.002"/>
  <testcase classname="com.simplilearn.tdd.E_learning.TrainingTest" name="test2" time="0.001"/>
  <testcase classname="com.simplilearn.tdd.E_learning.TrainingTest" name="test1" time="0.012"/>
</testsuite> <!-- com.simplilearn.tdd.E_learning.TrainingTest -->
